2023-06-27T22:06:20.655+07:00  INFO 13412 --- [restartedMain] c.e.t.TiketkuFinalProjectApplication     : Starting TiketkuFinalProjectApplication using Java 17.0.2 with PID 13412 (E:\Intellij Project\Development-main\target\classes started by EnVyx in E:\Intellij Project\Development-main)
2023-06-27T22:06:20.660+07:00  INFO 13412 --- [restartedMain] c.e.t.TiketkuFinalProjectApplication     : No active profile set, falling back to 1 default profile: "default"
2023-06-27T22:06:29.615+07:00  INFO 13412 --- [restartedMain] c.e.t.TiketkuFinalProjectApplication     : Started TiketkuFinalProjectApplication in 9.457 seconds (process running for 10.771)
2023-06-27T22:06:33.079+07:00  INFO 13412 --- [http-nio-8080-exec-2] c.e.t.Controller.UserController          : Sukses Tampil Data
2023-06-27T22:07:04.905+07:00  INFO 23316 --- [restartedMain] c.e.t.TiketkuFinalProjectApplication     : Starting TiketkuFinalProjectApplication using Java 17.0.2 with PID 23316 (E:\Intellij Project\Development-main\target\classes started by EnVyx in E:\Intellij Project\Development-main)
2023-06-27T22:07:04.907+07:00  INFO 23316 --- [restartedMain] c.e.t.TiketkuFinalProjectApplication     : No active profile set, falling back to 1 default profile: "default"
2023-06-27T22:07:14.687+07:00  INFO 23316 --- [restartedMain] c.e.t.TiketkuFinalProjectApplication     : Started TiketkuFinalProjectApplication in 10.311 seconds (process running for 11.328)
2023-06-27T22:07:31.640+07:00  INFO 23316 --- [http-nio-8080-exec-3] c.e.t.Controller.UserController          : admin
2023-06-27T22:08:29.668+07:00  INFO 23316 --- [http-nio-8080-exec-5] c.e.t.Controller.UserController          : admin
2023-06-27T22:08:43.263+07:00  INFO 22544 --- [restartedMain] c.e.t.TiketkuFinalProjectApplication     : Starting TiketkuFinalProjectApplication using Java 17.0.2 with PID 22544 (E:\Intellij Project\Development-main\target\classes started by EnVyx in E:\Intellij Project\Development-main)
2023-06-27T22:08:43.266+07:00  INFO 22544 --- [restartedMain] c.e.t.TiketkuFinalProjectApplication     : No active profile set, falling back to 1 default profile: "default"
2023-06-27T22:08:52.679+07:00  INFO 22544 --- [restartedMain] c.e.t.TiketkuFinalProjectApplication     : Started TiketkuFinalProjectApplication in 9.877 seconds (process running for 11.118)
2023-06-27T22:08:58.159+07:00  INFO 22544 --- [http-nio-8080-exec-1] c.e.t.Controller.UserController          : admin
2023-06-27T22:11:10.832+07:00  INFO 21396 --- [restartedMain] c.e.t.TiketkuFinalProjectApplication     : Starting TiketkuFinalProjectApplication using Java 17.0.2 with PID 21396 (E:\Intellij Project\Development-main\target\classes started by EnVyx in E:\Intellij Project\Development-main)
2023-06-27T22:11:10.835+07:00  INFO 21396 --- [restartedMain] c.e.t.TiketkuFinalProjectApplication     : No active profile set, falling back to 1 default profile: "default"
2023-06-27T22:11:21.395+07:00  INFO 21396 --- [restartedMain] c.e.t.TiketkuFinalProjectApplication     : Started TiketkuFinalProjectApplication in 11.203 seconds (process running for 12.214)
2023-06-27T22:11:31.502+07:00  INFO 21396 --- [http-nio-8080-exec-3] c.e.t.Controller.UserController          : Sukses Tampil Data
2023-06-27T22:12:57.084+07:00  INFO 21396 --- [http-nio-8080-exec-4] c.e.t.Controller.UserController          : Sukses Tampil Data
2023-06-27T22:13:17.037+07:00  INFO 18020 --- [restartedMain] c.e.t.TiketkuFinalProjectApplication     : Starting TiketkuFinalProjectApplication using Java 17.0.2 with PID 18020 (E:\Intellij Project\Development-main\target\classes started by EnVyx in E:\Intellij Project\Development-main)
2023-06-27T22:13:17.040+07:00  INFO 18020 --- [restartedMain] c.e.t.TiketkuFinalProjectApplication     : No active profile set, falling back to 1 default profile: "default"
2023-06-27T22:13:27.372+07:00  INFO 18020 --- [restartedMain] c.e.t.TiketkuFinalProjectApplication     : Started TiketkuFinalProjectApplication in 10.828 seconds (process running for 12.218)
2023-06-27T22:13:42.722+07:00  INFO 18020 --- [http-nio-8080-exec-2] c.e.t.Controller.UserController          : Sukses Tampil Data
2023-06-27T22:14:56.750+07:00  INFO 15516 --- [restartedMain] c.e.t.TiketkuFinalProjectApplication     : Starting TiketkuFinalProjectApplication using Java 17.0.2 with PID 15516 (E:\Intellij Project\Development-main\target\classes started by EnVyx in E:\Intellij Project\Development-main)
2023-06-27T22:14:56.752+07:00  INFO 15516 --- [restartedMain] c.e.t.TiketkuFinalProjectApplication     : No active profile set, falling back to 1 default profile: "default"
2023-06-27T22:15:08.719+07:00  INFO 15516 --- [restartedMain] c.e.t.TiketkuFinalProjectApplication     : Started TiketkuFinalProjectApplication in 12.509 seconds (process running for 13.85)
2023-06-27T22:15:25.265+07:00  INFO 15516 --- [http-nio-8080-exec-1] c.e.t.Controller.UserController          : Sukses Tampil Data
2023-06-27T22:17:58.376+07:00  INFO 15516 --- [http-nio-8080-exec-4] c.e.t.Controller.UserController          : juan123@gmail.com
2023-06-27T22:18:11.166+07:00  INFO 15516 --- [http-nio-8080-exec-7] c.e.t.Controller.UserController          : Sukses Tampil Data
